2025-12-04 15:43:02.813 PKT [5282] LOG:  registered custom resource manager "spock_custom_rmgr" with ID 144
2025-12-04 15:43:02.825 PKT [5282] LOG:  starting PostgreSQL 18.0 on aarch64-apple-darwin24.6.0, compiled by Apple clang version 17.0.0 (clang-1700.0.13.3), 64-bit
2025-12-04 15:43:02.828 PKT [5282] LOG:  listening on IPv6 address "::1", port 5432
2025-12-04 15:43:02.828 PKT [5282] LOG:  listening on IPv4 address "127.0.0.1", port 5432
2025-12-04 15:43:02.829 PKT [5282] LOG:  listening on Unix socket "/tmp/.s.PGSQL.5432"
2025-12-04 15:43:02.836 PKT [5288] LOG:  database system was interrupted; last known up at 2025-12-03 18:54:15 PKT
2025-12-04 15:43:02.888 PKT [5288] LOG:  database system was not properly shut down; automatic recovery in progress
2025-12-04 15:43:02.890 PKT [5288] LOG:  redo starts at 0/71A8DC0
2025-12-04 15:43:02.890 PKT [5288] LOG:  invalid record length at 0/71A8DF8: expected at least 24, got 0
2025-12-04 15:43:02.890 PKT [5288] LOG:  redo done at 0/71A8DC0 system usage: CPU: user: 0.00 s, system: 0.00 s, elapsed: 0.00 s
2025-12-04 15:43:02.891 PKT [5286] LOG:  checkpoint starting: end-of-recovery immediate wait
2025-12-04 15:43:02.893 PKT [5286] LOG:  checkpoint complete: wrote 0 buffers (0.0%), wrote 3 SLRU buffers; 0 WAL file(s) added, 0 removed, 0 recycled; write=0.002 s, sync=0.001 s, total=0.002 s; sync files=2, longest=0.001 s, average=0.001 s; distance=0 kB, estimate=0 kB; lsn=0/71A8DF8, redo lsn=0/71A8DF8
2025-12-04 15:43:02.893 PKT [5282] LOG:  database system is ready to accept connections
2025-12-04 15:43:02.894 PKT [5291] LOG:  starting spock_failover_slots replica worker
2025-12-04 15:43:02.894 PKT [5292] LOG:  starting spock supervisor
2025-12-04 15:43:02.904 PKT [5294] LOG:  manager worker [5294] at slot 0 generation 1 detaching cleanly
2025-12-04 15:43:02.912 PKT [5295] LOG:  manager worker [5295] at slot 0 generation 2 detaching cleanly
2025-12-04 15:43:02.921 PKT [5296] LOG:  manager worker [5296] at slot 0 generation 3 detaching cleanly
2025-12-04 15:43:04.431 PKT [5383] ERROR:  unrecognized configuration parameter "spock.orig_provider_dsn"
2025-12-04 15:43:04.431 PKT [5383] CONTEXT:  SQL function "spock_regress_variables" statement 1
2025-12-04 15:43:04.431 PKT [5383] STATEMENT:  SELECT * FROM spock_regress_variables()
2025-12-04 15:43:04.432 PKT [5386] FATAL:  database ":provider_dsn" does not exist
2025-12-04 15:43:04.506 PKT [5405] ERROR:  unrecognized configuration parameter "spock.orig_provider_dsn"
2025-12-04 15:43:04.506 PKT [5405] CONTEXT:  SQL function "spock_regress_variables" statement 1
2025-12-04 15:43:04.506 PKT [5405] STATEMENT:  SELECT * FROM spock_regress_variables()
2025-12-04 15:43:04.507 PKT [5406] FATAL:  database ":provider_dsn" does not exist
2025-12-04 15:43:04.524 PKT [5413] ERROR:  unrecognized configuration parameter "spock.orig_provider_dsn"
2025-12-04 15:43:04.524 PKT [5413] CONTEXT:  SQL function "spock_regress_variables" statement 1
2025-12-04 15:43:04.524 PKT [5413] STATEMENT:  SELECT * FROM spock_regress_variables()
2025-12-04 15:43:04.525 PKT [5414] FATAL:  database ":provider_dsn" does not exist
2025-12-04 15:43:04.546 PKT [5422] ERROR:  unrecognized configuration parameter "spock.orig_provider_dsn"
2025-12-04 15:43:04.546 PKT [5422] CONTEXT:  SQL function "spock_regress_variables" statement 1
2025-12-04 15:43:04.546 PKT [5422] STATEMENT:  SELECT * FROM spock_regress_variables()
2025-12-04 15:43:04.547 PKT [5423] FATAL:  database ":provider_dsn" does not exist
2025-12-04 15:43:04.564 PKT [5429] ERROR:  unrecognized configuration parameter "spock.orig_provider_dsn"
2025-12-04 15:43:04.564 PKT [5429] CONTEXT:  SQL function "spock_regress_variables" statement 1
2025-12-04 15:43:04.564 PKT [5429] STATEMENT:  SELECT * FROM spock_regress_variables()
2025-12-04 15:43:04.565 PKT [5430] FATAL:  database ":provider_dsn" does not exist
2025-12-04 15:43:04.582 PKT [5436] ERROR:  unrecognized configuration parameter "spock.orig_provider_dsn"
2025-12-04 15:43:04.582 PKT [5436] CONTEXT:  SQL function "spock_regress_variables" statement 1
2025-12-04 15:43:04.582 PKT [5436] STATEMENT:  SELECT * FROM spock_regress_variables()
2025-12-04 15:43:04.583 PKT [5437] FATAL:  database ":provider_dsn" does not exist
2025-12-04 15:43:04.600 PKT [5443] ERROR:  unrecognized configuration parameter "spock.orig_provider_dsn"
2025-12-04 15:43:04.600 PKT [5443] CONTEXT:  SQL function "spock_regress_variables" statement 1
2025-12-04 15:43:04.600 PKT [5443] STATEMENT:  SELECT * FROM spock_regress_variables()
2025-12-04 15:43:04.601 PKT [5444] FATAL:  database ":provider_dsn" does not exist
2025-12-04 15:43:04.622 PKT [5451] ERROR:  unrecognized configuration parameter "spock.orig_provider_dsn"
2025-12-04 15:43:04.622 PKT [5451] CONTEXT:  SQL function "spock_regress_variables" statement 1
2025-12-04 15:43:04.622 PKT [5451] STATEMENT:  /* First test whether a table's replication set can be properly manipulated */
	SELECT * FROM spock_regress_variables()
2025-12-04 15:43:04.623 PKT [5452] FATAL:  database ":provider_dsn" does not exist
2025-12-04 15:43:04.642 PKT [5458] ERROR:  unrecognized configuration parameter "spock.orig_provider_dsn"
2025-12-04 15:43:04.642 PKT [5458] CONTEXT:  SQL function "spock_regress_variables" statement 1
2025-12-04 15:43:04.642 PKT [5458] STATEMENT:  /* First test whether a table's replication set can be properly manipulated */
	SELECT * FROM spock_regress_variables()
2025-12-04 15:43:04.642 PKT [5459] FATAL:  database ":provider_dsn" does not exist
2025-12-04 15:43:04.661 PKT [5465] ERROR:  unrecognized configuration parameter "spock.orig_provider_dsn"
2025-12-04 15:43:04.661 PKT [5465] CONTEXT:  SQL function "spock_regress_variables" statement 1
2025-12-04 15:43:04.661 PKT [5465] STATEMENT:  SELECT * FROM spock_regress_variables()
2025-12-04 15:43:04.662 PKT [5466] FATAL:  database ":provider_dsn" does not exist
2025-12-04 15:43:04.677 PKT [5472] ERROR:  unrecognized configuration parameter "spock.orig_provider_dsn"
2025-12-04 15:43:04.677 PKT [5472] CONTEXT:  SQL function "spock_regress_variables" statement 1
2025-12-04 15:43:04.677 PKT [5472] STATEMENT:  SELECT * FROM spock_regress_variables()
2025-12-04 15:43:04.678 PKT [5473] FATAL:  database ":provider_dsn" does not exist
2025-12-04 15:43:04.696 PKT [5479] ERROR:  unrecognized configuration parameter "spock.orig_provider_dsn"
2025-12-04 15:43:04.696 PKT [5479] CONTEXT:  SQL function "spock_regress_variables" statement 1
2025-12-04 15:43:04.696 PKT [5479] STATEMENT:  SELECT * FROM spock_regress_variables()
2025-12-04 15:43:04.697 PKT [5480] FATAL:  database ":provider_dsn" does not exist
2025-12-04 15:43:04.712 PKT [5486] ERROR:  unrecognized configuration parameter "spock.orig_provider_dsn"
2025-12-04 15:43:04.712 PKT [5486] CONTEXT:  SQL function "spock_regress_variables" statement 1
2025-12-04 15:43:04.712 PKT [5486] STATEMENT:  SELECT * FROM spock_regress_variables()
2025-12-04 15:43:04.713 PKT [5487] FATAL:  database ":provider_dsn" does not exist
2025-12-04 15:43:04.729 PKT [5493] ERROR:  unrecognized configuration parameter "spock.orig_provider_dsn"
2025-12-04 15:43:04.729 PKT [5493] CONTEXT:  SQL function "spock_regress_variables" statement 1
2025-12-04 15:43:04.729 PKT [5493] STATEMENT:  SELECT * FROM spock_regress_variables()
2025-12-04 15:43:04.730 PKT [5494] FATAL:  database ":provider_dsn" does not exist
2025-12-04 15:43:04.748 PKT [5500] ERROR:  function spock.repset_create(unknown) does not exist at character 15
2025-12-04 15:43:04.748 PKT [5500] HINT:  No function matches the given name and argument types. You might need to add explicit type casts.
2025-12-04 15:43:04.748 PKT [5500] STATEMENT:  SELECT * FROM spock.repset_create('stress_seq');
2025-12-04 15:43:04.748 PKT [5500] ERROR:  function spock.repset_add_seq(unknown, unknown) does not exist at character 15
2025-12-04 15:43:04.748 PKT [5500] HINT:  No function matches the given name and argument types. You might need to add explicit type casts.
2025-12-04 15:43:04.748 PKT [5500] STATEMENT:  SELECT * FROM spock.repset_add_seq('stress_seq', 'stress');
2025-12-04 15:43:04.748 PKT [5500] ERROR:  function spock.sync_seq(unknown) does not exist at character 8
2025-12-04 15:43:04.748 PKT [5500] HINT:  No function matches the given name and argument types. You might need to add explicit type casts.
2025-12-04 15:43:04.748 PKT [5500] STATEMENT:  SELECT spock.sync_seq('stress');
2025-12-04 15:43:04.749 PKT [5500] ERROR:  relation "spock.sequence_state" does not exist at character 40
2025-12-04 15:43:04.749 PKT [5500] QUERY:  count_seqscan := (SELECT count(*) FROM spock.sequence_state)
2025-12-04 15:43:04.749 PKT [5500] CONTEXT:  PL/pgSQL function heapallindexed() line 6 at assignment
2025-12-04 15:43:04.749 PKT [5500] STATEMENT:  SELECT heapallindexed();
2025-12-04 15:43:04.749 PKT [5500] ERROR:  function spock.sync_seq(unknown) does not exist at character 8
2025-12-04 15:43:04.749 PKT [5500] HINT:  No function matches the given name and argument types. You might need to add explicit type casts.
2025-12-04 15:43:04.749 PKT [5500] QUERY:  SELECT spock.sync_seq('stress')
2025-12-04 15:43:04.749 PKT [5500] CONTEXT:  PL/pgSQL function inline_code_block line 4 at PERFORM
2025-12-04 15:43:04.749 PKT [5500] STATEMENT:  DO $$
	BEGIN
	  FOR i IN 1..400 LOOP
	    PERFORM spock.sync_seq('stress');
	  END LOOP;
	END;
	$$;
2025-12-04 15:43:04.749 PKT [5500] ERROR:  relation "spock.sequence_state" does not exist at character 40
2025-12-04 15:43:04.749 PKT [5500] QUERY:  count_seqscan := (SELECT count(*) FROM spock.sequence_state)
2025-12-04 15:43:04.749 PKT [5500] CONTEXT:  PL/pgSQL function heapallindexed() line 6 at assignment
2025-12-04 15:43:04.749 PKT [5500] STATEMENT:  SELECT heapallindexed();
2025-12-04 15:43:04.764 PKT [5506] ERROR:  unrecognized configuration parameter "spock.orig_provider_dsn"
2025-12-04 15:43:04.764 PKT [5506] CONTEXT:  SQL function "spock_regress_variables" statement 1
2025-12-04 15:43:04.764 PKT [5506] STATEMENT:  SELECT * FROM spock_regress_variables()
2025-12-04 15:43:04.765 PKT [5507] FATAL:  database ":provider_dsn" does not exist
2025-12-04 15:43:04.780 PKT [5513] ERROR:  unrecognized configuration parameter "spock.orig_provider_dsn"
2025-12-04 15:43:04.780 PKT [5513] CONTEXT:  SQL function "spock_regress_variables" statement 1
2025-12-04 15:43:04.780 PKT [5513] STATEMENT:  SELECT * FROM spock_regress_variables()
2025-12-04 15:43:04.781 PKT [5514] FATAL:  database ":provider_dsn" does not exist
2025-12-04 15:43:04.797 PKT [5520] ERROR:  unrecognized configuration parameter "spock.orig_provider_dsn"
2025-12-04 15:43:04.797 PKT [5520] CONTEXT:  SQL function "spock_regress_variables" statement 1
2025-12-04 15:43:04.797 PKT [5520] STATEMENT:  SELECT * FROM spock_regress_variables()
2025-12-04 15:43:04.797 PKT [5521] FATAL:  database ":provider_dsn" does not exist
2025-12-04 15:43:04.818 PKT [5529] ERROR:  unrecognized configuration parameter "spock.orig_provider_dsn"
2025-12-04 15:43:04.818 PKT [5529] CONTEXT:  SQL function "spock_regress_variables" statement 1
2025-12-04 15:43:04.818 PKT [5529] STATEMENT:  SELECT * FROM spock_regress_variables()
2025-12-04 15:43:04.819 PKT [5530] FATAL:  database ":provider_dsn" does not exist
2025-12-04 15:43:04.845 PKT [5540] ERROR:  unrecognized configuration parameter "spock.orig_provider_dsn"
2025-12-04 15:43:04.845 PKT [5540] CONTEXT:  SQL function "spock_regress_variables" statement 1
2025-12-04 15:43:04.845 PKT [5540] STATEMENT:  SELECT * FROM spock_regress_variables()
2025-12-04 15:43:04.845 PKT [5541] FATAL:  database ":provider_dsn" does not exist
2025-12-04 15:43:04.883 PKT [5549] ERROR:  unrecognized configuration parameter "spock.orig_provider_dsn"
2025-12-04 15:43:04.883 PKT [5549] CONTEXT:  SQL function "spock_regress_variables" statement 1
2025-12-04 15:43:04.883 PKT [5549] STATEMENT:  SELECT * FROM spock_regress_variables()
2025-12-04 15:43:04.887 PKT [5550] FATAL:  database ":provider_dsn" does not exist
2025-12-04 15:43:04.917 PKT [5556] ERROR:  unrecognized configuration parameter "spock.orig_provider_dsn"
2025-12-04 15:43:04.917 PKT [5556] CONTEXT:  SQL function "spock_regress_variables" statement 1
2025-12-04 15:43:04.917 PKT [5556] STATEMENT:  SELECT * FROM spock_regress_variables()
2025-12-04 15:43:04.917 PKT [5557] FATAL:  database ":provider_dsn" does not exist
2025-12-04 15:43:04.934 PKT [5563] ERROR:  unrecognized configuration parameter "spock.orig_provider_dsn"
2025-12-04 15:43:04.934 PKT [5563] CONTEXT:  SQL function "spock_regress_variables" statement 1
2025-12-04 15:43:04.934 PKT [5563] STATEMENT:  SELECT * FROM spock_regress_variables()
2025-12-04 15:43:04.934 PKT [5564] FATAL:  database ":subscriber_dsn" does not exist
2025-12-04 15:43:04.950 PKT [5571] ERROR:  unrecognized configuration parameter "spock.orig_provider_dsn"
2025-12-04 15:43:04.950 PKT [5571] CONTEXT:  SQL function "spock_regress_variables" statement 1
2025-12-04 15:43:04.950 PKT [5571] STATEMENT:  SELECT * FROM spock_regress_variables()
2025-12-04 15:43:04.951 PKT [5572] FATAL:  database ":provider_dsn" does not exist
2025-12-04 15:43:04.971 PKT [5578] ERROR:  unrecognized configuration parameter "spock.orig_provider_dsn"
2025-12-04 15:43:04.971 PKT [5578] CONTEXT:  SQL function "spock_regress_variables" statement 1
2025-12-04 15:43:04.971 PKT [5578] STATEMENT:  SELECT * FROM spock_regress_variables()
2025-12-04 15:43:04.971 PKT [5579] FATAL:  database ":provider_dsn" does not exist
2025-12-04 15:43:04.988 PKT [5585] ERROR:  unrecognized configuration parameter "spock.orig_provider_dsn"
2025-12-04 15:43:04.988 PKT [5585] CONTEXT:  SQL function "spock_regress_variables" statement 1
2025-12-04 15:43:04.988 PKT [5585] STATEMENT:  SELECT * FROM spock_regress_variables()
2025-12-04 15:43:04.988 PKT [5586] FATAL:  database ":subscriber_dsn" does not exist
2025-12-04 15:43:05.008 PKT [5594] ERROR:  unrecognized configuration parameter "spock.orig_provider_dsn"
2025-12-04 15:43:05.008 PKT [5594] CONTEXT:  SQL function "spock_regress_variables" statement 1
2025-12-04 15:43:05.008 PKT [5594] STATEMENT:  SELECT * FROM spock_regress_variables()
2025-12-04 15:43:05.009 PKT [5595] FATAL:  database ":provider_dsn" does not exist
2025-12-04 15:43:05.024 PKT [5601] ERROR:  unrecognized configuration parameter "spock.orig_provider_dsn"
2025-12-04 15:43:05.024 PKT [5601] CONTEXT:  SQL function "spock_regress_variables" statement 1
2025-12-04 15:43:05.024 PKT [5601] STATEMENT:  SELECT * FROM spock_regress_variables()
2025-12-04 15:43:05.024 PKT [5602] FATAL:  database ":provider_dsn" does not exist
2025-12-04 15:43:05.040 PKT [5608] ERROR:  unrecognized configuration parameter "spock.orig_provider_dsn"
2025-12-04 15:43:05.040 PKT [5608] CONTEXT:  SQL function "spock_regress_variables" statement 1
2025-12-04 15:43:05.040 PKT [5608] STATEMENT:  /* First test whether a table's replication set can be properly manipulated */
	SELECT * FROM spock_regress_variables()
2025-12-04 15:43:05.040 PKT [5609] FATAL:  database ":provider_dsn" does not exist
2025-12-04 15:43:05.056 PKT [5615] ERROR:  unrecognized configuration parameter "spock.orig_provider_dsn"
2025-12-04 15:43:05.056 PKT [5615] CONTEXT:  SQL function "spock_regress_variables" statement 1
2025-12-04 15:43:05.056 PKT [5615] STATEMENT:  SELECT * FROM spock_regress_variables()
2025-12-04 15:43:05.057 PKT [5616] FATAL:  database ":provider_dsn" does not exist
2025-12-04 15:45:06.661 PKT [5282] LOG:  received fast shutdown request
2025-12-04 15:45:06.661 PKT [5282] LOG:  aborting any active transactions
2025-12-04 15:45:06.661 PKT [5291] FATAL:  terminating background worker "spock_failover_slots worker" due to administrator command
2025-12-04 15:45:06.661 PKT [5282] LOG:  background worker "logical replication launcher" (PID 5293) exited with exit code 1
2025-12-04 15:45:06.661 PKT [5282] LOG:  background worker "spock_failover_slots worker" (PID 5291) exited with exit code 1
2025-12-04 15:45:06.662 PKT [5286] LOG:  shutting down
2025-12-04 15:45:06.662 PKT [5286] LOG:  checkpoint starting: shutdown immediate
2025-12-04 15:45:06.721 PKT [5286] LOG:  checkpoint complete: wrote 965 buffers (0.7%), wrote 2 SLRU buffers; 0 WAL file(s) added, 0 removed, 0 recycled; write=0.052 s, sync=0.007 s, total=0.059 s; sync files=363, longest=0.001 s, average=0.001 s; distance=5150 kB, estimate=5150 kB; lsn=0/76B07E8, redo lsn=0/76B07E8
2025-12-04 15:45:06.723 PKT [5282] LOG:  database system is shut down
2025-12-04 15:45:07.850 PKT [6604] LOG:  registered custom resource manager "spock_custom_rmgr" with ID 144
2025-12-04 15:45:07.858 PKT [6604] LOG:  starting PostgreSQL 18.0 on aarch64-apple-darwin24.6.0, compiled by Apple clang version 17.0.0 (clang-1700.0.13.3), 64-bit
2025-12-04 15:45:07.860 PKT [6604] LOG:  listening on IPv6 address "::1", port 5432
2025-12-04 15:45:07.860 PKT [6604] LOG:  listening on IPv4 address "127.0.0.1", port 5432
2025-12-04 15:45:07.861 PKT [6604] LOG:  listening on Unix socket "/tmp/.s.PGSQL.5432"
2025-12-04 15:45:07.865 PKT [6614] LOG:  database system was shut down at 2025-12-04 15:45:06 PKT
2025-12-04 15:45:07.868 PKT [6604] LOG:  database system is ready to accept connections
2025-12-04 15:45:07.869 PKT [6618] LOG:  starting spock_failover_slots replica worker
2025-12-04 15:45:07.870 PKT [6619] LOG:  starting spock supervisor
2025-12-04 15:45:07.878 PKT [6621] LOG:  manager worker [6621] at slot 0 generation 1 detaching cleanly
2025-12-04 15:45:07.887 PKT [6622] LOG:  manager worker [6622] at slot 0 generation 2 detaching cleanly
2025-12-04 15:45:07.895 PKT [6623] LOG:  manager worker [6623] at slot 0 generation 3 detaching cleanly
2025-12-04 15:45:07.898 PKT [6624] LOG:  manager worker [6624] at slot 0 generation 4 detaching cleanly
2025-12-04 15:45:11.548 PKT [6612] LOG:  checkpoint starting: immediate force wait
2025-12-04 15:45:11.550 PKT [6612] LOG:  checkpoint complete: wrote 2 buffers (0.0%), wrote 3 SLRU buffers; 0 WAL file(s) added, 0 removed, 0 recycled; write=0.002 s, sync=0.001 s, total=0.002 s; sync files=4, longest=0.001 s, average=0.001 s; distance=2 kB, estimate=2 kB; lsn=0/76B1240, redo lsn=0/76B11E8
2025-12-04 15:45:11.648 PKT [6711] ERROR:  unrecognized configuration parameter "spock.orig_provider_dsn"
2025-12-04 15:45:11.648 PKT [6711] CONTEXT:  SQL function "spock_regress_variables" statement 1
2025-12-04 15:45:11.648 PKT [6711] STATEMENT:  SELECT * FROM spock_regress_variables()
2025-12-04 15:45:11.649 PKT [6712] FATAL:  database ":provider_dsn" does not exist
2025-12-04 15:45:11.701 PKT [6722] ERROR:  unrecognized configuration parameter "spock.orig_provider_dsn"
2025-12-04 15:45:11.701 PKT [6722] CONTEXT:  SQL function "spock_regress_variables" statement 1
2025-12-04 15:45:11.701 PKT [6722] STATEMENT:  SELECT * FROM spock_regress_variables()
2025-12-04 15:45:11.702 PKT [6723] FATAL:  database ":provider_dsn" does not exist
2025-12-04 15:45:11.718 PKT [6729] ERROR:  unrecognized configuration parameter "spock.orig_provider_dsn"
2025-12-04 15:45:11.718 PKT [6729] CONTEXT:  SQL function "spock_regress_variables" statement 1
2025-12-04 15:45:11.718 PKT [6729] STATEMENT:  SELECT * FROM spock_regress_variables()
2025-12-04 15:45:11.721 PKT [6730] FATAL:  database ":provider_dsn" does not exist
2025-12-04 15:45:11.747 PKT [6738] ERROR:  unrecognized configuration parameter "spock.orig_provider_dsn"
2025-12-04 15:45:11.747 PKT [6738] CONTEXT:  SQL function "spock_regress_variables" statement 1
2025-12-04 15:45:11.747 PKT [6738] STATEMENT:  SELECT * FROM spock_regress_variables()
2025-12-04 15:45:11.748 PKT [6739] FATAL:  database ":provider_dsn" does not exist
2025-12-04 15:45:11.764 PKT [6745] ERROR:  unrecognized configuration parameter "spock.orig_provider_dsn"
2025-12-04 15:45:11.764 PKT [6745] CONTEXT:  SQL function "spock_regress_variables" statement 1
2025-12-04 15:45:11.764 PKT [6745] STATEMENT:  SELECT * FROM spock_regress_variables()
2025-12-04 15:45:11.764 PKT [6746] FATAL:  database ":provider_dsn" does not exist
2025-12-04 15:45:11.781 PKT [6752] ERROR:  unrecognized configuration parameter "spock.orig_provider_dsn"
2025-12-04 15:45:11.781 PKT [6752] CONTEXT:  SQL function "spock_regress_variables" statement 1
2025-12-04 15:45:11.781 PKT [6752] STATEMENT:  SELECT * FROM spock_regress_variables()
2025-12-04 15:45:11.781 PKT [6753] FATAL:  database ":provider_dsn" does not exist
2025-12-04 15:45:11.798 PKT [6759] ERROR:  unrecognized configuration parameter "spock.orig_provider_dsn"
2025-12-04 15:45:11.798 PKT [6759] CONTEXT:  SQL function "spock_regress_variables" statement 1
2025-12-04 15:45:11.798 PKT [6759] STATEMENT:  SELECT * FROM spock_regress_variables()
2025-12-04 15:45:11.798 PKT [6760] FATAL:  database ":provider_dsn" does not exist
2025-12-04 15:45:11.815 PKT [6766] ERROR:  unrecognized configuration parameter "spock.orig_provider_dsn"
2025-12-04 15:45:11.815 PKT [6766] CONTEXT:  SQL function "spock_regress_variables" statement 1
2025-12-04 15:45:11.815 PKT [6766] STATEMENT:  /* First test whether a table's replication set can be properly manipulated */
	SELECT * FROM spock_regress_variables()
2025-12-04 15:45:11.816 PKT [6767] FATAL:  database ":provider_dsn" does not exist
2025-12-04 15:45:11.833 PKT [6773] ERROR:  unrecognized configuration parameter "spock.orig_provider_dsn"
2025-12-04 15:45:11.833 PKT [6773] CONTEXT:  SQL function "spock_regress_variables" statement 1
2025-12-04 15:45:11.833 PKT [6773] STATEMENT:  /* First test whether a table's replication set can be properly manipulated */
	SELECT * FROM spock_regress_variables()
2025-12-04 15:45:11.834 PKT [6774] FATAL:  database ":provider_dsn" does not exist
2025-12-04 15:45:11.849 PKT [6780] ERROR:  unrecognized configuration parameter "spock.orig_provider_dsn"
2025-12-04 15:45:11.849 PKT [6780] CONTEXT:  SQL function "spock_regress_variables" statement 1
2025-12-04 15:45:11.849 PKT [6780] STATEMENT:  SELECT * FROM spock_regress_variables()
2025-12-04 15:45:11.850 PKT [6781] FATAL:  database ":provider_dsn" does not exist
2025-12-04 15:45:11.866 PKT [6787] ERROR:  unrecognized configuration parameter "spock.orig_provider_dsn"
2025-12-04 15:45:11.866 PKT [6787] CONTEXT:  SQL function "spock_regress_variables" statement 1
2025-12-04 15:45:11.866 PKT [6787] STATEMENT:  SELECT * FROM spock_regress_variables()
2025-12-04 15:45:11.867 PKT [6788] FATAL:  database ":provider_dsn" does not exist
2025-12-04 15:45:11.884 PKT [6794] ERROR:  unrecognized configuration parameter "spock.orig_provider_dsn"
2025-12-04 15:45:11.884 PKT [6794] CONTEXT:  SQL function "spock_regress_variables" statement 1
2025-12-04 15:45:11.884 PKT [6794] STATEMENT:  SELECT * FROM spock_regress_variables()
2025-12-04 15:45:11.885 PKT [6795] FATAL:  database ":provider_dsn" does not exist
2025-12-04 15:45:11.901 PKT [6801] ERROR:  unrecognized configuration parameter "spock.orig_provider_dsn"
2025-12-04 15:45:11.901 PKT [6801] CONTEXT:  SQL function "spock_regress_variables" statement 1
2025-12-04 15:45:11.901 PKT [6801] STATEMENT:  SELECT * FROM spock_regress_variables()
2025-12-04 15:45:11.901 PKT [6802] FATAL:  database ":provider_dsn" does not exist
2025-12-04 15:45:11.918 PKT [6808] ERROR:  unrecognized configuration parameter "spock.orig_provider_dsn"
2025-12-04 15:45:11.918 PKT [6808] CONTEXT:  SQL function "spock_regress_variables" statement 1
2025-12-04 15:45:11.918 PKT [6808] STATEMENT:  SELECT * FROM spock_regress_variables()
2025-12-04 15:45:11.919 PKT [6809] FATAL:  database ":provider_dsn" does not exist
2025-12-04 15:45:11.938 PKT [6815] ERROR:  function spock.repset_create(unknown) does not exist at character 15
2025-12-04 15:45:11.938 PKT [6815] HINT:  No function matches the given name and argument types. You might need to add explicit type casts.
2025-12-04 15:45:11.938 PKT [6815] STATEMENT:  SELECT * FROM spock.repset_create('stress_seq');
2025-12-04 15:45:11.938 PKT [6815] ERROR:  function spock.repset_add_seq(unknown, unknown) does not exist at character 15
2025-12-04 15:45:11.938 PKT [6815] HINT:  No function matches the given name and argument types. You might need to add explicit type casts.
2025-12-04 15:45:11.938 PKT [6815] STATEMENT:  SELECT * FROM spock.repset_add_seq('stress_seq', 'stress');
2025-12-04 15:45:11.938 PKT [6815] ERROR:  function spock.sync_seq(unknown) does not exist at character 8
2025-12-04 15:45:11.938 PKT [6815] HINT:  No function matches the given name and argument types. You might need to add explicit type casts.
2025-12-04 15:45:11.938 PKT [6815] STATEMENT:  SELECT spock.sync_seq('stress');
2025-12-04 15:45:11.938 PKT [6815] ERROR:  relation "spock.sequence_state" does not exist at character 40
2025-12-04 15:45:11.938 PKT [6815] QUERY:  count_seqscan := (SELECT count(*) FROM spock.sequence_state)
2025-12-04 15:45:11.938 PKT [6815] CONTEXT:  PL/pgSQL function heapallindexed() line 6 at assignment
2025-12-04 15:45:11.938 PKT [6815] STATEMENT:  SELECT heapallindexed();
2025-12-04 15:45:11.938 PKT [6815] ERROR:  function spock.sync_seq(unknown) does not exist at character 8
2025-12-04 15:45:11.938 PKT [6815] HINT:  No function matches the given name and argument types. You might need to add explicit type casts.
2025-12-04 15:45:11.938 PKT [6815] QUERY:  SELECT spock.sync_seq('stress')
2025-12-04 15:45:11.938 PKT [6815] CONTEXT:  PL/pgSQL function inline_code_block line 4 at PERFORM
2025-12-04 15:45:11.938 PKT [6815] STATEMENT:  DO $$
	BEGIN
	  FOR i IN 1..400 LOOP
	    PERFORM spock.sync_seq('stress');
	  END LOOP;
	END;
	$$;
2025-12-04 15:45:11.938 PKT [6815] ERROR:  relation "spock.sequence_state" does not exist at character 40
2025-12-04 15:45:11.938 PKT [6815] QUERY:  count_seqscan := (SELECT count(*) FROM spock.sequence_state)
2025-12-04 15:45:11.938 PKT [6815] CONTEXT:  PL/pgSQL function heapallindexed() line 6 at assignment
2025-12-04 15:45:11.938 PKT [6815] STATEMENT:  SELECT heapallindexed();
2025-12-04 15:45:11.954 PKT [6821] ERROR:  unrecognized configuration parameter "spock.orig_provider_dsn"
2025-12-04 15:45:11.954 PKT [6821] CONTEXT:  SQL function "spock_regress_variables" statement 1
2025-12-04 15:45:11.954 PKT [6821] STATEMENT:  SELECT * FROM spock_regress_variables()
2025-12-04 15:45:11.955 PKT [6822] FATAL:  database ":provider_dsn" does not exist
2025-12-04 15:45:11.972 PKT [6828] ERROR:  unrecognized configuration parameter "spock.orig_provider_dsn"
2025-12-04 15:45:11.972 PKT [6828] CONTEXT:  SQL function "spock_regress_variables" statement 1
2025-12-04 15:45:11.972 PKT [6828] STATEMENT:  SELECT * FROM spock_regress_variables()
2025-12-04 15:45:11.972 PKT [6829] FATAL:  database ":provider_dsn" does not exist
2025-12-04 15:45:11.988 PKT [6835] ERROR:  unrecognized configuration parameter "spock.orig_provider_dsn"
2025-12-04 15:45:11.988 PKT [6835] CONTEXT:  SQL function "spock_regress_variables" statement 1
2025-12-04 15:45:11.988 PKT [6835] STATEMENT:  SELECT * FROM spock_regress_variables()
2025-12-04 15:45:11.989 PKT [6836] FATAL:  database ":provider_dsn" does not exist
2025-12-04 15:45:12.010 PKT [6844] ERROR:  unrecognized configuration parameter "spock.orig_provider_dsn"
2025-12-04 15:45:12.010 PKT [6844] CONTEXT:  SQL function "spock_regress_variables" statement 1
2025-12-04 15:45:12.010 PKT [6844] STATEMENT:  SELECT * FROM spock_regress_variables()
2025-12-04 15:45:12.011 PKT [6845] FATAL:  database ":provider_dsn" does not exist
2025-12-04 15:45:12.037 PKT [6855] ERROR:  unrecognized configuration parameter "spock.orig_provider_dsn"
2025-12-04 15:45:12.037 PKT [6855] CONTEXT:  SQL function "spock_regress_variables" statement 1
2025-12-04 15:45:12.037 PKT [6855] STATEMENT:  SELECT * FROM spock_regress_variables()
2025-12-04 15:45:12.037 PKT [6856] FATAL:  database ":provider_dsn" does not exist
2025-12-04 15:45:12.056 PKT [6864] ERROR:  unrecognized configuration parameter "spock.orig_provider_dsn"
2025-12-04 15:45:12.056 PKT [6864] CONTEXT:  SQL function "spock_regress_variables" statement 1
2025-12-04 15:45:12.056 PKT [6864] STATEMENT:  SELECT * FROM spock_regress_variables()
2025-12-04 15:45:12.056 PKT [6865] FATAL:  database ":provider_dsn" does not exist
2025-12-04 15:45:12.072 PKT [6871] ERROR:  unrecognized configuration parameter "spock.orig_provider_dsn"
2025-12-04 15:45:12.072 PKT [6871] CONTEXT:  SQL function "spock_regress_variables" statement 1
2025-12-04 15:45:12.072 PKT [6871] STATEMENT:  SELECT * FROM spock_regress_variables()
2025-12-04 15:45:12.072 PKT [6873] FATAL:  database ":provider_dsn" does not exist
2025-12-04 15:45:12.088 PKT [6879] ERROR:  unrecognized configuration parameter "spock.orig_provider_dsn"
2025-12-04 15:45:12.088 PKT [6879] CONTEXT:  SQL function "spock_regress_variables" statement 1
2025-12-04 15:45:12.088 PKT [6879] STATEMENT:  SELECT * FROM spock_regress_variables()
2025-12-04 15:45:12.088 PKT [6880] FATAL:  database ":subscriber_dsn" does not exist
2025-12-04 15:45:12.103 PKT [6886] ERROR:  unrecognized configuration parameter "spock.orig_provider_dsn"
2025-12-04 15:45:12.103 PKT [6886] CONTEXT:  SQL function "spock_regress_variables" statement 1
2025-12-04 15:45:12.103 PKT [6886] STATEMENT:  SELECT * FROM spock_regress_variables()
2025-12-04 15:45:12.104 PKT [6887] FATAL:  database ":provider_dsn" does not exist
2025-12-04 15:45:12.126 PKT [6893] ERROR:  unrecognized configuration parameter "spock.orig_provider_dsn"
2025-12-04 15:45:12.126 PKT [6893] CONTEXT:  SQL function "spock_regress_variables" statement 1
2025-12-04 15:45:12.126 PKT [6893] STATEMENT:  SELECT * FROM spock_regress_variables()
2025-12-04 15:45:12.126 PKT [6894] FATAL:  database ":provider_dsn" does not exist
2025-12-04 15:45:12.147 PKT [6900] ERROR:  unrecognized configuration parameter "spock.orig_provider_dsn"
2025-12-04 15:45:12.147 PKT [6900] CONTEXT:  SQL function "spock_regress_variables" statement 1
2025-12-04 15:45:12.147 PKT [6900] STATEMENT:  SELECT * FROM spock_regress_variables()
2025-12-04 15:45:12.148 PKT [6901] FATAL:  database ":subscriber_dsn" does not exist
2025-12-04 15:45:12.166 PKT [6909] ERROR:  unrecognized configuration parameter "spock.orig_provider_dsn"
2025-12-04 15:45:12.166 PKT [6909] CONTEXT:  SQL function "spock_regress_variables" statement 1
2025-12-04 15:45:12.166 PKT [6909] STATEMENT:  SELECT * FROM spock_regress_variables()
2025-12-04 15:45:12.166 PKT [6910] FATAL:  database ":provider_dsn" does not exist
2025-12-04 15:45:12.181 PKT [6916] ERROR:  unrecognized configuration parameter "spock.orig_provider_dsn"
2025-12-04 15:45:12.181 PKT [6916] CONTEXT:  SQL function "spock_regress_variables" statement 1
2025-12-04 15:45:12.181 PKT [6916] STATEMENT:  SELECT * FROM spock_regress_variables()
2025-12-04 15:45:12.182 PKT [6917] FATAL:  database ":provider_dsn" does not exist
2025-12-04 15:45:12.196 PKT [6923] ERROR:  unrecognized configuration parameter "spock.orig_provider_dsn"
2025-12-04 15:45:12.196 PKT [6923] CONTEXT:  SQL function "spock_regress_variables" statement 1
2025-12-04 15:45:12.196 PKT [6923] STATEMENT:  /* First test whether a table's replication set can be properly manipulated */
	SELECT * FROM spock_regress_variables()
2025-12-04 15:45:12.196 PKT [6924] FATAL:  database ":provider_dsn" does not exist
2025-12-04 15:45:12.211 PKT [6930] ERROR:  unrecognized configuration parameter "spock.orig_provider_dsn"
2025-12-04 15:45:12.211 PKT [6930] CONTEXT:  SQL function "spock_regress_variables" statement 1
2025-12-04 15:45:12.211 PKT [6930] STATEMENT:  SELECT * FROM spock_regress_variables()
2025-12-04 15:45:12.211 PKT [6931] FATAL:  database ":provider_dsn" does not exist
2025-12-04 15:47:06.070 PKT [6604] LOG:  received fast shutdown request
2025-12-04 15:47:06.070 PKT [6604] LOG:  aborting any active transactions
2025-12-04 15:47:06.070 PKT [6618] FATAL:  terminating background worker "spock_failover_slots worker" due to administrator command
2025-12-04 15:47:06.070 PKT [6604] LOG:  background worker "logical replication launcher" (PID 6620) exited with exit code 1
2025-12-04 15:47:06.070 PKT [6604] LOG:  background worker "spock_failover_slots worker" (PID 6618) exited with exit code 1
2025-12-04 15:47:06.071 PKT [6612] LOG:  shutting down
2025-12-04 15:47:06.071 PKT [6612] LOG:  checkpoint starting: shutdown immediate
2025-12-04 15:47:06.088 PKT [6612] LOG:  checkpoint complete: wrote 964 buffers (0.7%), wrote 2 SLRU buffers; 0 WAL file(s) added, 0 removed, 0 recycled; write=0.009 s, sync=0.008 s, total=0.018 s; sync files=363, longest=0.001 s, average=0.001 s; distance=5151 kB, estimate=5151 kB; lsn=0/7BB90C8, redo lsn=0/7BB90C8
2025-12-04 15:47:06.092 PKT [6604] LOG:  database system is shut down
2025-12-04 15:47:06.189 PKT [7259] LOG:  registered custom resource manager "spock_custom_rmgr" with ID 144
2025-12-04 15:47:06.195 PKT [7259] LOG:  starting PostgreSQL 18.0 on aarch64-apple-darwin24.6.0, compiled by Apple clang version 17.0.0 (clang-1700.0.13.3), 64-bit
2025-12-04 15:47:06.196 PKT [7259] LOG:  listening on IPv6 address "::1", port 5432
2025-12-04 15:47:06.196 PKT [7259] LOG:  listening on IPv4 address "127.0.0.1", port 5432
2025-12-04 15:47:06.197 PKT [7259] LOG:  listening on Unix socket "/tmp/.s.PGSQL.5432"
2025-12-04 15:47:06.199 PKT [7265] LOG:  database system was shut down at 2025-12-04 15:47:06 PKT
2025-12-04 15:47:06.201 PKT [7259] LOG:  database system is ready to accept connections
2025-12-04 15:47:06.202 PKT [7268] LOG:  starting spock_failover_slots replica worker
2025-12-04 15:47:06.202 PKT [7269] LOG:  starting spock supervisor
2025-12-04 15:47:06.206 PKT [7271] LOG:  manager worker [7271] at slot 0 generation 1 detaching cleanly
2025-12-04 15:47:06.210 PKT [7272] LOG:  manager worker [7272] at slot 0 generation 2 detaching cleanly
2025-12-04 15:47:06.213 PKT [7273] LOG:  manager worker [7273] at slot 0 generation 3 detaching cleanly
2025-12-04 15:47:06.217 PKT [7274] LOG:  manager worker [7274] at slot 0 generation 4 detaching cleanly
2025-12-04 15:47:50.591 PKT [7259] LOG:  received fast shutdown request
2025-12-04 15:47:50.591 PKT [7259] LOG:  aborting any active transactions
2025-12-04 15:47:50.591 PKT [7268] FATAL:  terminating background worker "spock_failover_slots worker" due to administrator command
2025-12-04 15:47:50.591 PKT [7259] LOG:  background worker "logical replication launcher" (PID 7270) exited with exit code 1
2025-12-04 15:47:50.591 PKT [7259] LOG:  background worker "spock_failover_slots worker" (PID 7268) exited with exit code 1
2025-12-04 15:47:50.592 PKT [7263] LOG:  shutting down
2025-12-04 15:47:50.592 PKT [7263] LOG:  checkpoint starting: shutdown immediate
2025-12-04 15:47:50.594 PKT [7263] LOG:  checkpoint complete: wrote 2 buffers (0.0%), wrote 3 SLRU buffers; 0 WAL file(s) added, 0 removed, 0 recycled; write=0.002 s, sync=0.001 s, total=0.003 s; sync files=4, longest=0.001 s, average=0.001 s; distance=0 kB, estimate=0 kB; lsn=0/7BB9340, redo lsn=0/7BB9340
2025-12-04 15:47:50.596 PKT [7259] LOG:  database system is shut down
2025-12-04 15:47:50.711 PKT [7822] LOG:  registered custom resource manager "spock_custom_rmgr" with ID 144
2025-12-04 15:47:50.716 PKT [7822] LOG:  starting PostgreSQL 18.0 on aarch64-apple-darwin24.6.0, compiled by Apple clang version 17.0.0 (clang-1700.0.13.3), 64-bit
2025-12-04 15:47:50.718 PKT [7822] LOG:  listening on IPv6 address "::1", port 5432
2025-12-04 15:47:50.718 PKT [7822] LOG:  listening on IPv4 address "127.0.0.1", port 5432
2025-12-04 15:47:50.718 PKT [7822] LOG:  listening on Unix socket "/tmp/.s.PGSQL.5432"
2025-12-04 15:47:50.720 PKT [7828] LOG:  database system was shut down at 2025-12-04 15:47:50 PKT
2025-12-04 15:47:50.722 PKT [7822] LOG:  database system is ready to accept connections
2025-12-04 15:47:50.722 PKT [7831] LOG:  starting spock_failover_slots replica worker
2025-12-04 15:47:50.722 PKT [7832] LOG:  starting spock supervisor
2025-12-04 15:47:50.726 PKT [7834] LOG:  manager worker [7834] at slot 0 generation 1 detaching cleanly
2025-12-04 15:47:50.729 PKT [7835] LOG:  manager worker [7835] at slot 0 generation 2 detaching cleanly
2025-12-04 15:47:50.732 PKT [7836] LOG:  manager worker [7836] at slot 0 generation 3 detaching cleanly
2025-12-04 15:47:50.735 PKT [7837] LOG:  manager worker [7837] at slot 0 generation 4 detaching cleanly
2025-12-04 15:48:00.377 PKT [7826] LOG:  checkpoint starting: immediate force wait
2025-12-04 15:48:00.378 PKT [7826] LOG:  checkpoint complete: wrote 2 buffers (0.0%), wrote 3 SLRU buffers; 0 WAL file(s) added, 0 removed, 0 recycled; write=0.001 s, sync=0.001 s, total=0.002 s; sync files=4, longest=0.001 s, average=0.001 s; distance=2 kB, estimate=2 kB; lsn=0/7BB9F90, redo lsn=0/7BB9F38
2025-12-04 15:48:00.438 PKT [7932] ERROR:  unrecognized configuration parameter "spock.orig_provider_dsn"
2025-12-04 15:48:00.438 PKT [7932] CONTEXT:  SQL function "spock_regress_variables" statement 1
2025-12-04 15:48:00.438 PKT [7932] STATEMENT:  SELECT * FROM spock_regress_variables()
2025-12-04 15:48:00.439 PKT [7933] FATAL:  database ":provider_dsn" does not exist
2025-12-04 15:48:00.490 PKT [7943] ERROR:  unrecognized configuration parameter "spock.orig_provider_dsn"
2025-12-04 15:48:00.490 PKT [7943] CONTEXT:  SQL function "spock_regress_variables" statement 1
2025-12-04 15:48:00.490 PKT [7943] STATEMENT:  SELECT * FROM spock_regress_variables()
2025-12-04 15:48:00.491 PKT [7944] FATAL:  database ":provider_dsn" does not exist
2025-12-04 15:48:00.507 PKT [7950] ERROR:  unrecognized configuration parameter "spock.orig_provider_dsn"
2025-12-04 15:48:00.507 PKT [7950] CONTEXT:  SQL function "spock_regress_variables" statement 1
2025-12-04 15:48:00.507 PKT [7950] STATEMENT:  SELECT * FROM spock_regress_variables()
2025-12-04 15:48:00.508 PKT [7951] FATAL:  database ":provider_dsn" does not exist
2025-12-04 15:48:00.533 PKT [7959] ERROR:  unrecognized configuration parameter "spock.orig_provider_dsn"
2025-12-04 15:48:00.533 PKT [7959] CONTEXT:  SQL function "spock_regress_variables" statement 1
2025-12-04 15:48:00.533 PKT [7959] STATEMENT:  SELECT * FROM spock_regress_variables()
2025-12-04 15:48:00.534 PKT [7960] FATAL:  database ":provider_dsn" does not exist
2025-12-04 15:48:00.549 PKT [7966] ERROR:  unrecognized configuration parameter "spock.orig_provider_dsn"
2025-12-04 15:48:00.549 PKT [7966] CONTEXT:  SQL function "spock_regress_variables" statement 1
2025-12-04 15:48:00.549 PKT [7966] STATEMENT:  SELECT * FROM spock_regress_variables()
2025-12-04 15:48:00.549 PKT [7967] FATAL:  database ":provider_dsn" does not exist
2025-12-04 15:48:00.565 PKT [7973] ERROR:  unrecognized configuration parameter "spock.orig_provider_dsn"
2025-12-04 15:48:00.565 PKT [7973] CONTEXT:  SQL function "spock_regress_variables" statement 1
2025-12-04 15:48:00.565 PKT [7973] STATEMENT:  SELECT * FROM spock_regress_variables()
2025-12-04 15:48:00.565 PKT [7974] FATAL:  database ":provider_dsn" does not exist
2025-12-04 15:48:00.581 PKT [7980] ERROR:  unrecognized configuration parameter "spock.orig_provider_dsn"
2025-12-04 15:48:00.581 PKT [7980] CONTEXT:  SQL function "spock_regress_variables" statement 1
2025-12-04 15:48:00.581 PKT [7980] STATEMENT:  SELECT * FROM spock_regress_variables()
2025-12-04 15:48:00.582 PKT [7981] FATAL:  database ":provider_dsn" does not exist
2025-12-04 15:48:00.600 PKT [7987] ERROR:  unrecognized configuration parameter "spock.orig_provider_dsn"
2025-12-04 15:48:00.600 PKT [7987] CONTEXT:  SQL function "spock_regress_variables" statement 1
2025-12-04 15:48:00.600 PKT [7987] STATEMENT:  /* First test whether a table's replication set can be properly manipulated */
	SELECT * FROM spock_regress_variables()
2025-12-04 15:48:00.600 PKT [7988] FATAL:  database ":provider_dsn" does not exist
2025-12-04 15:48:00.617 PKT [7994] ERROR:  unrecognized configuration parameter "spock.orig_provider_dsn"
2025-12-04 15:48:00.617 PKT [7994] CONTEXT:  SQL function "spock_regress_variables" statement 1
2025-12-04 15:48:00.617 PKT [7994] STATEMENT:  /* First test whether a table's replication set can be properly manipulated */
	SELECT * FROM spock_regress_variables()
2025-12-04 15:48:00.618 PKT [7995] FATAL:  database ":provider_dsn" does not exist
2025-12-04 15:48:00.634 PKT [8001] ERROR:  unrecognized configuration parameter "spock.orig_provider_dsn"
2025-12-04 15:48:00.634 PKT [8001] CONTEXT:  SQL function "spock_regress_variables" statement 1
2025-12-04 15:48:00.634 PKT [8001] STATEMENT:  SELECT * FROM spock_regress_variables()
2025-12-04 15:48:00.635 PKT [8002] FATAL:  database ":provider_dsn" does not exist
2025-12-04 15:48:00.651 PKT [8008] ERROR:  unrecognized configuration parameter "spock.orig_provider_dsn"
2025-12-04 15:48:00.651 PKT [8008] CONTEXT:  SQL function "spock_regress_variables" statement 1
2025-12-04 15:48:00.651 PKT [8008] STATEMENT:  SELECT * FROM spock_regress_variables()
2025-12-04 15:48:00.651 PKT [8009] FATAL:  database ":provider_dsn" does not exist
2025-12-04 15:48:00.669 PKT [8015] ERROR:  unrecognized configuration parameter "spock.orig_provider_dsn"
2025-12-04 15:48:00.669 PKT [8015] CONTEXT:  SQL function "spock_regress_variables" statement 1
2025-12-04 15:48:00.669 PKT [8015] STATEMENT:  SELECT * FROM spock_regress_variables()
2025-12-04 15:48:00.669 PKT [8016] FATAL:  database ":provider_dsn" does not exist
2025-12-04 15:48:00.685 PKT [8022] ERROR:  unrecognized configuration parameter "spock.orig_provider_dsn"
2025-12-04 15:48:00.685 PKT [8022] CONTEXT:  SQL function "spock_regress_variables" statement 1
2025-12-04 15:48:00.685 PKT [8022] STATEMENT:  SELECT * FROM spock_regress_variables()
2025-12-04 15:48:00.686 PKT [8023] FATAL:  database ":provider_dsn" does not exist
2025-12-04 15:48:00.702 PKT [8029] ERROR:  unrecognized configuration parameter "spock.orig_provider_dsn"
2025-12-04 15:48:00.702 PKT [8029] CONTEXT:  SQL function "spock_regress_variables" statement 1
2025-12-04 15:48:00.702 PKT [8029] STATEMENT:  SELECT * FROM spock_regress_variables()
2025-12-04 15:48:00.702 PKT [8030] FATAL:  database ":provider_dsn" does not exist
2025-12-04 15:48:00.725 PKT [8036] ERROR:  function spock.repset_create(unknown) does not exist at character 15
2025-12-04 15:48:00.725 PKT [8036] HINT:  No function matches the given name and argument types. You might need to add explicit type casts.
2025-12-04 15:48:00.725 PKT [8036] STATEMENT:  SELECT * FROM spock.repset_create('stress_seq');
2025-12-04 15:48:00.725 PKT [8036] ERROR:  function spock.repset_add_seq(unknown, unknown) does not exist at character 15
2025-12-04 15:48:00.725 PKT [8036] HINT:  No function matches the given name and argument types. You might need to add explicit type casts.
2025-12-04 15:48:00.725 PKT [8036] STATEMENT:  SELECT * FROM spock.repset_add_seq('stress_seq', 'stress');
2025-12-04 15:48:00.725 PKT [8036] ERROR:  function spock.sync_seq(unknown) does not exist at character 8
2025-12-04 15:48:00.725 PKT [8036] HINT:  No function matches the given name and argument types. You might need to add explicit type casts.
2025-12-04 15:48:00.725 PKT [8036] STATEMENT:  SELECT spock.sync_seq('stress');
2025-12-04 15:48:00.725 PKT [8036] ERROR:  relation "spock.sequence_state" does not exist at character 40
2025-12-04 15:48:00.725 PKT [8036] QUERY:  count_seqscan := (SELECT count(*) FROM spock.sequence_state)
2025-12-04 15:48:00.725 PKT [8036] CONTEXT:  PL/pgSQL function heapallindexed() line 6 at assignment
2025-12-04 15:48:00.725 PKT [8036] STATEMENT:  SELECT heapallindexed();
2025-12-04 15:48:00.725 PKT [8036] ERROR:  function spock.sync_seq(unknown) does not exist at character 8
2025-12-04 15:48:00.725 PKT [8036] HINT:  No function matches the given name and argument types. You might need to add explicit type casts.
2025-12-04 15:48:00.725 PKT [8036] QUERY:  SELECT spock.sync_seq('stress')
2025-12-04 15:48:00.725 PKT [8036] CONTEXT:  PL/pgSQL function inline_code_block line 4 at PERFORM
2025-12-04 15:48:00.725 PKT [8036] STATEMENT:  DO $$
	BEGIN
	  FOR i IN 1..400 LOOP
	    PERFORM spock.sync_seq('stress');
	  END LOOP;
	END;
	$$;
2025-12-04 15:48:00.725 PKT [8036] ERROR:  relation "spock.sequence_state" does not exist at character 40
2025-12-04 15:48:00.725 PKT [8036] QUERY:  count_seqscan := (SELECT count(*) FROM spock.sequence_state)
2025-12-04 15:48:00.725 PKT [8036] CONTEXT:  PL/pgSQL function heapallindexed() line 6 at assignment
2025-12-04 15:48:00.725 PKT [8036] STATEMENT:  SELECT heapallindexed();
2025-12-04 15:48:00.741 PKT [8042] ERROR:  unrecognized configuration parameter "spock.orig_provider_dsn"
2025-12-04 15:48:00.741 PKT [8042] CONTEXT:  SQL function "spock_regress_variables" statement 1
2025-12-04 15:48:00.741 PKT [8042] STATEMENT:  SELECT * FROM spock_regress_variables()
2025-12-04 15:48:00.742 PKT [8043] FATAL:  database ":provider_dsn" does not exist
2025-12-04 15:48:00.758 PKT [8049] ERROR:  unrecognized configuration parameter "spock.orig_provider_dsn"
2025-12-04 15:48:00.758 PKT [8049] CONTEXT:  SQL function "spock_regress_variables" statement 1
2025-12-04 15:48:00.758 PKT [8049] STATEMENT:  SELECT * FROM spock_regress_variables()
2025-12-04 15:48:00.758 PKT [8050] FATAL:  database ":provider_dsn" does not exist
2025-12-04 15:48:00.775 PKT [8056] ERROR:  unrecognized configuration parameter "spock.orig_provider_dsn"
2025-12-04 15:48:00.775 PKT [8056] CONTEXT:  SQL function "spock_regress_variables" statement 1
2025-12-04 15:48:00.775 PKT [8056] STATEMENT:  SELECT * FROM spock_regress_variables()
2025-12-04 15:48:00.776 PKT [8057] FATAL:  database ":provider_dsn" does not exist
2025-12-04 15:48:00.797 PKT [8065] ERROR:  unrecognized configuration parameter "spock.orig_provider_dsn"
2025-12-04 15:48:00.797 PKT [8065] CONTEXT:  SQL function "spock_regress_variables" statement 1
2025-12-04 15:48:00.797 PKT [8065] STATEMENT:  SELECT * FROM spock_regress_variables()
2025-12-04 15:48:00.797 PKT [8066] FATAL:  database ":provider_dsn" does not exist
2025-12-04 15:48:00.823 PKT [8076] ERROR:  unrecognized configuration parameter "spock.orig_provider_dsn"
2025-12-04 15:48:00.823 PKT [8076] CONTEXT:  SQL function "spock_regress_variables" statement 1
2025-12-04 15:48:00.823 PKT [8076] STATEMENT:  SELECT * FROM spock_regress_variables()
2025-12-04 15:48:00.823 PKT [8077] FATAL:  database ":provider_dsn" does not exist
2025-12-04 15:48:00.842 PKT [8085] ERROR:  unrecognized configuration parameter "spock.orig_provider_dsn"
2025-12-04 15:48:00.842 PKT [8085] CONTEXT:  SQL function "spock_regress_variables" statement 1
2025-12-04 15:48:00.842 PKT [8085] STATEMENT:  SELECT * FROM spock_regress_variables()
2025-12-04 15:48:00.843 PKT [8086] FATAL:  database ":provider_dsn" does not exist
2025-12-04 15:48:00.859 PKT [8092] ERROR:  unrecognized configuration parameter "spock.orig_provider_dsn"
2025-12-04 15:48:00.859 PKT [8092] CONTEXT:  SQL function "spock_regress_variables" statement 1
2025-12-04 15:48:00.859 PKT [8092] STATEMENT:  SELECT * FROM spock_regress_variables()
2025-12-04 15:48:00.859 PKT [8093] FATAL:  database ":provider_dsn" does not exist
2025-12-04 15:48:00.875 PKT [8099] ERROR:  unrecognized configuration parameter "spock.orig_provider_dsn"
2025-12-04 15:48:00.875 PKT [8099] CONTEXT:  SQL function "spock_regress_variables" statement 1
2025-12-04 15:48:00.875 PKT [8099] STATEMENT:  SELECT * FROM spock_regress_variables()
2025-12-04 15:48:00.876 PKT [8100] FATAL:  database ":subscriber_dsn" does not exist
2025-12-04 15:48:00.891 PKT [8106] ERROR:  unrecognized configuration parameter "spock.orig_provider_dsn"
2025-12-04 15:48:00.891 PKT [8106] CONTEXT:  SQL function "spock_regress_variables" statement 1
2025-12-04 15:48:00.891 PKT [8106] STATEMENT:  SELECT * FROM spock_regress_variables()
2025-12-04 15:48:00.892 PKT [8107] FATAL:  database ":provider_dsn" does not exist
2025-12-04 15:48:00.912 PKT [8113] ERROR:  unrecognized configuration parameter "spock.orig_provider_dsn"
2025-12-04 15:48:00.912 PKT [8113] CONTEXT:  SQL function "spock_regress_variables" statement 1
2025-12-04 15:48:00.912 PKT [8113] STATEMENT:  SELECT * FROM spock_regress_variables()
2025-12-04 15:48:00.918 PKT [8114] FATAL:  database ":provider_dsn" does not exist
2025-12-04 15:48:00.934 PKT [8120] ERROR:  unrecognized configuration parameter "spock.orig_provider_dsn"
2025-12-04 15:48:00.934 PKT [8120] CONTEXT:  SQL function "spock_regress_variables" statement 1
2025-12-04 15:48:00.934 PKT [8120] STATEMENT:  SELECT * FROM spock_regress_variables()
2025-12-04 15:48:00.935 PKT [8121] FATAL:  database ":subscriber_dsn" does not exist
2025-12-04 15:48:00.953 PKT [8129] ERROR:  unrecognized configuration parameter "spock.orig_provider_dsn"
2025-12-04 15:48:00.953 PKT [8129] CONTEXT:  SQL function "spock_regress_variables" statement 1
2025-12-04 15:48:00.953 PKT [8129] STATEMENT:  SELECT * FROM spock_regress_variables()
2025-12-04 15:48:00.954 PKT [8130] FATAL:  database ":provider_dsn" does not exist
2025-12-04 15:48:00.968 PKT [8136] ERROR:  unrecognized configuration parameter "spock.orig_provider_dsn"
2025-12-04 15:48:00.968 PKT [8136] CONTEXT:  SQL function "spock_regress_variables" statement 1
2025-12-04 15:48:00.968 PKT [8136] STATEMENT:  SELECT * FROM spock_regress_variables()
2025-12-04 15:48:00.968 PKT [8137] FATAL:  database ":provider_dsn" does not exist
2025-12-04 15:48:00.983 PKT [8143] ERROR:  unrecognized configuration parameter "spock.orig_provider_dsn"
2025-12-04 15:48:00.983 PKT [8143] CONTEXT:  SQL function "spock_regress_variables" statement 1
2025-12-04 15:48:00.983 PKT [8143] STATEMENT:  /* First test whether a table's replication set can be properly manipulated */
	SELECT * FROM spock_regress_variables()
2025-12-04 15:48:00.984 PKT [8144] FATAL:  database ":provider_dsn" does not exist
2025-12-04 15:48:00.999 PKT [8150] ERROR:  unrecognized configuration parameter "spock.orig_provider_dsn"
2025-12-04 15:48:00.999 PKT [8150] CONTEXT:  SQL function "spock_regress_variables" statement 1
2025-12-04 15:48:00.999 PKT [8150] STATEMENT:  SELECT * FROM spock_regress_variables()
2025-12-04 15:48:00.999 PKT [8151] FATAL:  database ":provider_dsn" does not exist
2025-12-04 15:48:11.260 PKT [7822] LOG:  received fast shutdown request
2025-12-04 15:48:11.260 PKT [7822] LOG:  aborting any active transactions
2025-12-04 15:48:11.260 PKT [7831] FATAL:  terminating background worker "spock_failover_slots worker" due to administrator command
2025-12-04 15:48:11.260 PKT [7822] LOG:  background worker "spock_failover_slots worker" (PID 7831) exited with exit code 1
2025-12-04 15:48:11.260 PKT [7822] LOG:  background worker "logical replication launcher" (PID 7833) exited with exit code 1
2025-12-04 15:48:11.261 PKT [7826] LOG:  shutting down
2025-12-04 15:48:11.261 PKT [7826] LOG:  checkpoint starting: shutdown immediate
2025-12-04 15:48:11.278 PKT [7826] LOG:  checkpoint complete: wrote 964 buffers (0.7%), wrote 2 SLRU buffers; 0 WAL file(s) added, 0 removed, 1 recycled; write=0.009 s, sync=0.008 s, total=0.018 s; sync files=363, longest=0.001 s, average=0.001 s; distance=5152 kB, estimate=5152 kB; lsn=0/80C2198, redo lsn=0/80C2198
2025-12-04 15:48:11.281 PKT [7822] LOG:  database system is shut down
2025-12-04 15:48:11.378 PKT [8317] LOG:  registered custom resource manager "spock_custom_rmgr" with ID 144
2025-12-04 15:48:11.382 PKT [8317] LOG:  starting PostgreSQL 18.0 on aarch64-apple-darwin24.6.0, compiled by Apple clang version 17.0.0 (clang-1700.0.13.3), 64-bit
2025-12-04 15:48:11.383 PKT [8317] LOG:  listening on IPv6 address "::1", port 5432
2025-12-04 15:48:11.383 PKT [8317] LOG:  listening on IPv4 address "127.0.0.1", port 5432
2025-12-04 15:48:11.384 PKT [8317] LOG:  listening on Unix socket "/tmp/.s.PGSQL.5432"
2025-12-04 15:48:11.386 PKT [8323] LOG:  database system was shut down at 2025-12-04 15:48:11 PKT
2025-12-04 15:48:11.387 PKT [8317] LOG:  database system is ready to accept connections
2025-12-04 15:48:11.388 PKT [8326] LOG:  starting spock_failover_slots replica worker
2025-12-04 15:48:11.388 PKT [8327] LOG:  starting spock supervisor
2025-12-04 15:48:11.392 PKT [8329] LOG:  manager worker [8329] at slot 0 generation 1 detaching cleanly
2025-12-04 15:48:11.395 PKT [8330] LOG:  manager worker [8330] at slot 0 generation 2 detaching cleanly
2025-12-04 15:48:11.398 PKT [8331] LOG:  manager worker [8331] at slot 0 generation 3 detaching cleanly
2025-12-04 15:48:11.402 PKT [8332] LOG:  manager worker [8332] at slot 0 generation 4 detaching cleanly
2025-12-04 15:48:14.855 PKT [8317] LOG:  received fast shutdown request
2025-12-04 15:48:14.855 PKT [8317] LOG:  aborting any active transactions
2025-12-04 15:48:14.856 PKT [8326] FATAL:  terminating background worker "spock_failover_slots worker" due to administrator command
2025-12-04 15:48:14.856 PKT [8317] LOG:  background worker "logical replication launcher" (PID 8328) exited with exit code 1
2025-12-04 15:48:14.856 PKT [8317] LOG:  background worker "spock_failover_slots worker" (PID 8326) exited with exit code 1
2025-12-04 15:48:14.856 PKT [8321] LOG:  shutting down
2025-12-04 15:48:14.857 PKT [8321] LOG:  checkpoint starting: shutdown immediate
2025-12-04 15:48:14.859 PKT [8321] LOG:  checkpoint complete: wrote 3 buffers (0.0%), wrote 3 SLRU buffers; 0 WAL file(s) added, 0 removed, 0 recycled; write=0.002 s, sync=0.001 s, total=0.003 s; sync files=5, longest=0.001 s, average=0.001 s; distance=6 kB, estimate=6 kB; lsn=0/80C3AE0, redo lsn=0/80C3AE0
2025-12-04 15:48:14.861 PKT [8317] LOG:  database system is shut down
2025-12-04 16:09:50.287 PKT [16146] LOG:  registered custom resource manager "spock_custom_rmgr" with ID 144
2025-12-04 16:09:50.291 PKT [16146] LOG:  starting PostgreSQL 18.0 on aarch64-apple-darwin24.6.0, compiled by Apple clang version 17.0.0 (clang-1700.0.13.3), 64-bit
2025-12-04 16:09:50.292 PKT [16146] LOG:  listening on IPv6 address "::1", port 5432
2025-12-04 16:09:50.292 PKT [16146] LOG:  listening on IPv4 address "127.0.0.1", port 5432
2025-12-04 16:09:50.293 PKT [16146] LOG:  listening on Unix socket "/tmp/.s.PGSQL.5432"
2025-12-04 16:09:50.295 PKT [16152] LOG:  database system was shut down at 2025-12-04 16:09:50 PKT
2025-12-04 16:09:50.296 PKT [16146] LOG:  database system is ready to accept connections
2025-12-04 16:09:50.297 PKT [16155] LOG:  starting spock_failover_slots replica worker
2025-12-04 16:09:50.297 PKT [16156] LOG:  starting spock supervisor
2025-12-04 16:09:50.305 PKT [16158] LOG:  manager worker [16158] at slot 0 generation 1 detaching cleanly
2025-12-04 16:09:50.312 PKT [16159] LOG:  manager worker [16159] at slot 0 generation 2 detaching cleanly
2025-12-04 16:09:50.321 PKT [16160] LOG:  manager worker [16160] at slot 0 generation 3 detaching cleanly
2025-12-04 16:09:50.324 PKT [16161] LOG:  manager worker [16161] at slot 0 generation 4 detaching cleanly
2025-12-04 16:14:50.296 PKT [16150] LOG:  checkpoint starting: time
2025-12-04 16:14:50.505 PKT [16150] LOG:  checkpoint complete: wrote 2 buffers (0.0%), wrote 3 SLRU buffers; 0 WAL file(s) added, 0 removed, 0 recycled; write=0.207 s, sync=0.001 s, total=0.210 s; sync files=4, longest=0.001 s, average=0.001 s; distance=0 kB, estimate=0 kB; lsn=0/A405540, redo lsn=0/A4054E8
2025-12-05 18:05:04.702 PKT [50668] FATAL:  database "neurondesk" does not exist
2025-12-05 18:05:42.786 PKT [50799] ERROR:  permission denied to create database
2025-12-05 18:05:42.786 PKT [50799] STATEMENT:  CREATE DATABASE neurondesk;
2025-12-05 18:05:43.992 PKT [50820] FATAL:  database "neurondesk" does not exist
2025-12-05 18:06:33.992 PKT [16150] LOG:  checkpoint starting: time
2025-12-05 18:06:34.104 PKT [16150] LOG:  checkpoint complete: wrote 1 buffers (0.0%), wrote 0 SLRU buffers; 0 WAL file(s) added, 0 removed, 0 recycled; write=0.107 s, sync=0.001 s, total=0.114 s; sync files=1, longest=0.001 s, average=0.001 s; distance=2 kB, estimate=2 kB; lsn=0/A405F68, redo lsn=0/A405F10
2025-12-05 18:08:54.539 PKT [51498] FATAL:  database "neurondesk" does not exist
2025-12-05 18:09:05.484 PKT [16146] LOG:  received fast shutdown request
2025-12-05 18:09:05.484 PKT [16146] LOG:  aborting any active transactions
2025-12-05 18:09:05.485 PKT [16155] FATAL:  terminating background worker "spock_failover_slots worker" due to administrator command
2025-12-05 18:09:05.485 PKT [16146] LOG:  background worker "spock_failover_slots worker" (PID 16155) exited with exit code 1
2025-12-05 18:09:05.485 PKT [16146] LOG:  background worker "logical replication launcher" (PID 16157) exited with exit code 1
2025-12-05 18:09:05.485 PKT [16150] LOG:  shutting down
2025-12-05 18:09:05.485 PKT [16150] LOG:  checkpoint starting: shutdown immediate
2025-12-05 18:09:05.490 PKT [16150] LOG:  checkpoint complete: wrote 0 buffers (0.0%), wrote 0 SLRU buffers; 0 WAL file(s) added, 0 removed, 0 recycled; write=0.005 s, sync=0.001 s, total=0.005 s; sync files=0, longest=0.000 s, average=0.000 s; distance=0 kB, estimate=2 kB; lsn=0/A406030, redo lsn=0/A406030
2025-12-05 18:09:05.494 PKT [16146] LOG:  database system is shut down
2025-12-09 16:49:20.895 PKT [73033] LOG:  registered custom resource manager "spock_custom_rmgr" with ID 144
2025-12-09 16:49:20.900 PKT [73033] LOG:  starting PostgreSQL 18.0 on aarch64-apple-darwin24.6.0, compiled by Apple clang version 17.0.0 (clang-1700.0.13.3), 64-bit
2025-12-09 16:49:20.901 PKT [73033] LOG:  listening on IPv6 address "::1", port 5432
2025-12-09 16:49:20.901 PKT [73033] LOG:  listening on IPv4 address "127.0.0.1", port 5432
2025-12-09 16:49:20.901 PKT [73033] LOG:  listening on Unix socket "/tmp/.s.PGSQL.5432"
2025-12-09 16:49:20.907 PKT [73039] LOG:  database system was shut down at 2025-12-09 16:49:20 PKT
2025-12-09 16:49:20.909 PKT [73033] LOG:  database system is ready to accept connections
2025-12-09 16:49:20.909 PKT [73042] LOG:  starting spock_failover_slots replica worker
2025-12-09 16:49:20.909 PKT [73043] LOG:  starting spock supervisor
2025-12-09 16:49:20.918 PKT [73045] LOG:  manager worker [73045] at slot 0 generation 1 detaching cleanly
2025-12-09 16:49:20.929 PKT [73046] LOG:  manager worker [73046] at slot 0 generation 2 detaching cleanly
2025-12-09 16:49:20.940 PKT [73047] LOG:  manager worker [73047] at slot 0 generation 3 detaching cleanly
2025-12-09 16:49:20.948 PKT [73048] LOG:  manager worker [73048] at slot 0 generation 4 detaching cleanly
2025-12-09 16:49:20.956 PKT [73049] LOG:  manager worker [73049] at slot 0 generation 5 detaching cleanly
2025-12-09 16:52:47.712 PKT [73265] FATAL:  database "pgedge" does not exist
2025-12-09 16:52:49.514 PKT [73274] FATAL:  database "pgedge" does not exist
2025-12-09 16:54:20.910 PKT [73037] LOG:  checkpoint starting: time
2025-12-09 16:54:21.020 PKT [73037] LOG:  checkpoint complete: wrote 1 buffers (0.0%), wrote 3 SLRU buffers; 0 WAL file(s) added, 0 removed, 0 recycled; write=0.106 s, sync=0.001 s, total=0.110 s; sync files=3, longest=0.001 s, average=0.001 s; distance=8 kB, estimate=8 kB; lsn=0/A8CE4D8, redo lsn=0/A8CE480
2025-12-11 20:22:53.920 PKT [40578] ERROR:  schema "neurondb" does not exist at character 8
2025-12-11 20:22:53.920 PKT [40578] STATEMENT:  SELECT neurondb.version()
2025-12-17 15:27:29.297 PKT [31845] FATAL:  database "pgedge" does not exist
